<?xml version="1.0" encoding="UTF-8"?>
<!-- Generated by org.testng.reporters.JUnitXMLReporter -->
<testsuite ignored="0" hostname="DESKTOP-20B5O0M" failures="1" tests="2" name="Appium Tests" time="36.386" errors="0" timestamp="2025-09-12T17:07:05 BDT">
  <testcase classname="tests.OpenToHomeTest" name="testOpenAppToHome" time="18.416">
    <failure type="java.lang.AssertionError" message="❌ Name Page did not open. expected [true] but found [false]">
      <![CDATA[java.lang.AssertionError: ❌ Name Page did not open. expected [true] but found [false]
at tests.OpenToHomeTest.enterName(OpenToHomeTest.java:73)
at tests.OpenToHomeTest.testOpenAppToHome(OpenToHomeTest.java:18)
at java.base/java.util.ArrayList.forEach(ArrayList.java:1511)
... Removed 34 stack frames]]>
    </failure>
  </testcase> <!-- testOpenAppToHome -->
  <testcase classname="tests.LaunchAppTest" name="testLaunchApp" time="0.899"/>
</testsuite> <!-- Appium Tests -->
